{"C:\\Users\\KALKEL\\Desktop\\personal\\banka-1\\app.js": {"path":"C:\\Users\\KALKEL\\Desktop\\personal\\banka-1\\app.js","statementMap":{"0":{"start":{"line":1,"column":0},"end":{"line":1,"column":27}},"1":{"start":{"line":2,"column":16},"end":{"line":2,"column":34}},"2":{"start":{"line":3,"column":12},"end":{"line":3,"column":21}},"3":{"start":{"line":4,"column":0},"end":{"line":4,"column":26}},"4":{"start":{"line":5,"column":0},"end":{"line":5,"column":20}},"5":{"start":{"line":6,"column":0},"end":{"line":6,"column":29}},"6":{"start":{"line":10,"column":0},"end":{"line":10,"column":21}}},"fnMap":{},"branchMap":{},"s":{"0":3,"1":3,"2":3,"3":3,"4":3,"5":3,"6":3},"f":{},"b":{},"_coverageSchema":"43e27e138ebf9cfc5966b082cf9a028302ed4184","hash":"b9e50701e7fab2935b2bb37559d6aad8bd6b11ac"}
,"C:\\Users\\KALKEL\\Desktop\\personal\\banka-1\\controllers\\accountCont.js": {"path":"C:\\Users\\KALKEL\\Desktop\\personal\\banka-1\\controllers\\accountCont.js","statementMap":{"0":{"start":{"line":1,"column":20},"end":{"line":1,"column":47}},"1":{"start":{"line":2,"column":17},"end":{"line":2,"column":41}},"2":{"start":{"line":3,"column":10},"end":{"line":3,"column":27}},"3":{"start":{"line":5,"column":0},"end":{"line":30,"column":1}},"4":{"start":{"line":7,"column":8},"end":{"line":28,"column":9}},"5":{"start":{"line":8,"column":12},"end":{"line":27,"column":67}},"6":{"start":{"line":9,"column":30},"end":{"line":9,"column":70}},"7":{"start":{"line":10,"column":16},"end":{"line":10,"column":80}},"8":{"start":{"line":10,"column":28},"end":{"line":10,"column":80}},"9":{"start":{"line":12,"column":16},"end":{"line":12,"column":63}},"10":{"start":{"line":13,"column":27},"end":{"line":13,"column":60}},"11":{"start":{"line":14,"column":16},"end":{"line":14,"column":98}},"12":{"start":{"line":15,"column":16},"end":{"line":15,"column":73}},"13":{"start":{"line":16,"column":16},"end":{"line":16,"column":66}},"14":{"start":{"line":17,"column":16},"end":{"line":17,"column":37}},"15":{"start":{"line":19,"column":16},"end":{"line":26,"column":19}},"16":{"start":{"line":27,"column":23},"end":{"line":27,"column":66}}},"fnMap":{"0":{"name":"(anonymous_0)","decl":{"start":{"line":6,"column":4},"end":{"line":6,"column":5}},"loc":{"start":{"line":6,"column":20},"end":{"line":29,"column":5}},"line":6},"1":{"name":"(anonymous_1)","decl":{"start":{"line":7,"column":15},"end":{"line":7,"column":16}},"loc":{"start":{"line":7,"column":34},"end":{"line":28,"column":9}},"line":7}},"branchMap":{"0":{"loc":{"start":{"line":10,"column":16},"end":{"line":10,"column":80}},"type":"if","locations":[{"start":{"line":10,"column":16},"end":{"line":10,"column":80}},{"start":{"line":10,"column":16},"end":{"line":10,"column":80}}],"line":10}},"s":{"0":3,"1":3,"2":3,"3":3,"4":3,"5":1,"6":1,"7":1,"8":0,"9":1,"10":1,"11":1,"12":1,"13":1,"14":1,"15":1,"16":0},"f":{"0":3,"1":1},"b":{"0":[0,1]},"_coverageSchema":"43e27e138ebf9cfc5966b082cf9a028302ed4184","hash":"62c15bb741657010835818602728af70ccf3444f"}
,"C:\\Users\\KALKEL\\Desktop\\personal\\banka-1\\controllers\\adminCont.js": {"path":"C:\\Users\\KALKEL\\Desktop\\personal\\banka-1\\controllers\\adminCont.js","statementMap":{"0":{"start":{"line":1,"column":15},"end":{"line":1,"column":39}},"1":{"start":{"line":2,"column":10},"end":{"line":2,"column":27}},"2":{"start":{"line":5,"column":0},"end":{"line":63,"column":1}},"3":{"start":{"line":7,"column":8},"end":{"line":26,"column":9}},"4":{"start":{"line":8,"column":12},"end":{"line":24,"column":67}},"5":{"start":{"line":9,"column":27},"end":{"line":9,"column":70}},"6":{"start":{"line":10,"column":16},"end":{"line":10,"column":87}},"7":{"start":{"line":10,"column":25},"end":{"line":10,"column":87}},"8":{"start":{"line":12,"column":16},"end":{"line":12,"column":104}},"9":{"start":{"line":13,"column":16},"end":{"line":13,"column":36}},"10":{"start":{"line":14,"column":16},"end":{"line":14,"column":36}},"11":{"start":{"line":15,"column":16},"end":{"line":15,"column":71}},"12":{"start":{"line":16,"column":16},"end":{"line":16,"column":60}},"13":{"start":{"line":18,"column":16},"end":{"line":18,"column":34}},"14":{"start":{"line":20,"column":16},"end":{"line":23,"column":19}},"15":{"start":{"line":24,"column":24},"end":{"line":24,"column":66}},"16":{"start":{"line":30,"column":8},"end":{"line":38,"column":9}},"17":{"start":{"line":31,"column":12},"end":{"line":37,"column":67}},"18":{"start":{"line":32,"column":27},"end":{"line":32,"column":89}},"19":{"start":{"line":33,"column":16},"end":{"line":33,"column":60}},"20":{"start":{"line":34,"column":16},"end":{"line":34,"column":34}},"21":{"start":{"line":36,"column":16},"end":{"line":36,"column":46}},"22":{"start":{"line":37,"column":24},"end":{"line":37,"column":66}},"23":{"start":{"line":42,"column":8},"end":{"line":49,"column":9}},"24":{"start":{"line":43,"column":12},"end":{"line":48,"column":66}},"25":{"start":{"line":44,"column":27},"end":{"line":44,"column":44}},"26":{"start":{"line":45,"column":16},"end":{"line":45,"column":87}},"27":{"start":{"line":45,"column":26},"end":{"line":45,"column":87}},"28":{"start":{"line":47,"column":16},"end":{"line":47,"column":31}},"29":{"start":{"line":48,"column":23},"end":{"line":48,"column":65}},"30":{"start":{"line":53,"column":8},"end":{"line":60,"column":9}},"31":{"start":{"line":54,"column":12},"end":{"line":59,"column":66}},"32":{"start":{"line":55,"column":27},"end":{"line":55,"column":62}},"33":{"start":{"line":56,"column":16},"end":{"line":56,"column":87}},"34":{"start":{"line":56,"column":26},"end":{"line":56,"column":87}},"35":{"start":{"line":58,"column":16},"end":{"line":58,"column":31}},"36":{"start":{"line":59,"column":23},"end":{"line":59,"column":65}}},"fnMap":{"0":{"name":"(anonymous_0)","decl":{"start":{"line":6,"column":4},"end":{"line":6,"column":5}},"loc":{"start":{"line":6,"column":20},"end":{"line":27,"column":5}},"line":6},"1":{"name":"(anonymous_1)","decl":{"start":{"line":7,"column":15},"end":{"line":7,"column":16}},"loc":{"start":{"line":7,"column":34},"end":{"line":26,"column":9}},"line":7},"2":{"name":"(anonymous_2)","decl":{"start":{"line":29,"column":4},"end":{"line":29,"column":5}},"loc":{"start":{"line":29,"column":24},"end":{"line":39,"column":5}},"line":29},"3":{"name":"(anonymous_3)","decl":{"start":{"line":30,"column":15},"end":{"line":30,"column":16}},"loc":{"start":{"line":30,"column":34},"end":{"line":38,"column":9}},"line":30},"4":{"name":"(anonymous_4)","decl":{"start":{"line":41,"column":4},"end":{"line":41,"column":5}},"loc":{"start":{"line":41,"column":18},"end":{"line":50,"column":5}},"line":41},"5":{"name":"(anonymous_5)","decl":{"start":{"line":42,"column":15},"end":{"line":42,"column":16}},"loc":{"start":{"line":42,"column":33},"end":{"line":49,"column":9}},"line":42},"6":{"name":"(anonymous_6)","decl":{"start":{"line":52,"column":4},"end":{"line":52,"column":5}},"loc":{"start":{"line":52,"column":19},"end":{"line":61,"column":5}},"line":52},"7":{"name":"(anonymous_7)","decl":{"start":{"line":53,"column":15},"end":{"line":53,"column":16}},"loc":{"start":{"line":53,"column":33},"end":{"line":60,"column":9}},"line":53}},"branchMap":{"0":{"loc":{"start":{"line":10,"column":16},"end":{"line":10,"column":87}},"type":"if","locations":[{"start":{"line":10,"column":16},"end":{"line":10,"column":87}},{"start":{"line":10,"column":16},"end":{"line":10,"column":87}}],"line":10},"1":{"loc":{"start":{"line":45,"column":16},"end":{"line":45,"column":87}},"type":"if","locations":[{"start":{"line":45,"column":16},"end":{"line":45,"column":87}},{"start":{"line":45,"column":16},"end":{"line":45,"column":87}}],"line":45},"2":{"loc":{"start":{"line":56,"column":16},"end":{"line":56,"column":87}},"type":"if","locations":[{"start":{"line":56,"column":16},"end":{"line":56,"column":87}},{"start":{"line":56,"column":16},"end":{"line":56,"column":87}}],"line":56}},"s":{"0":3,"1":3,"2":3,"3":3,"4":1,"5":1,"6":1,"7":0,"8":1,"9":1,"10":1,"11":1,"12":1,"13":1,"14":1,"15":0,"16":3,"17":1,"18":1,"19":1,"20":1,"21":1,"22":0,"23":3,"24":1,"25":1,"26":1,"27":0,"28":1,"29":0,"30":3,"31":1,"32":1,"33":1,"34":0,"35":1,"36":0},"f":{"0":3,"1":1,"2":3,"3":1,"4":3,"5":1,"6":3,"7":1},"b":{"0":[0,1],"1":[0,1],"2":[0,1]},"_coverageSchema":"43e27e138ebf9cfc5966b082cf9a028302ed4184","hash":"1449e15304a00d2e2ef5cc69219e405ba5632042"}
,"C:\\Users\\KALKEL\\Desktop\\personal\\banka-1\\controllers\\staffCont.js": {"path":"C:\\Users\\KALKEL\\Desktop\\personal\\banka-1\\controllers\\staffCont.js","statementMap":{"0":{"start":{"line":1,"column":15},"end":{"line":1,"column":39}},"1":{"start":{"line":2,"column":10},"end":{"line":2,"column":27}},"2":{"start":{"line":3,"column":22},"end":{"line":3,"column":53}},"3":{"start":{"line":4,"column":18},"end":{"line":4,"column":45}},"4":{"start":{"line":6,"column":0},"end":{"line":140,"column":1}},"5":{"start":{"line":8,"column":8},"end":{"line":26,"column":9}},"6":{"start":{"line":9,"column":12},"end":{"line":25,"column":67}},"7":{"start":{"line":10,"column":27},"end":{"line":10,"column":70}},"8":{"start":{"line":11,"column":16},"end":{"line":11,"column":87}},"9":{"start":{"line":11,"column":25},"end":{"line":11,"column":87}},"10":{"start":{"line":13,"column":16},"end":{"line":13,"column":116}},"11":{"start":{"line":14,"column":16},"end":{"line":14,"column":36}},"12":{"start":{"line":15,"column":16},"end":{"line":15,"column":71}},"13":{"start":{"line":16,"column":16},"end":{"line":16,"column":60}},"14":{"start":{"line":19,"column":16},"end":{"line":19,"column":34}},"15":{"start":{"line":21,"column":16},"end":{"line":24,"column":19}},"16":{"start":{"line":25,"column":24},"end":{"line":25,"column":66}},"17":{"start":{"line":30,"column":8},"end":{"line":38,"column":9}},"18":{"start":{"line":31,"column":12},"end":{"line":37,"column":67}},"19":{"start":{"line":32,"column":27},"end":{"line":32,"column":89}},"20":{"start":{"line":33,"column":16},"end":{"line":33,"column":60}},"21":{"start":{"line":34,"column":16},"end":{"line":34,"column":34}},"22":{"start":{"line":36,"column":16},"end":{"line":36,"column":46}},"23":{"start":{"line":37,"column":24},"end":{"line":37,"column":66}},"24":{"start":{"line":42,"column":8},"end":{"line":49,"column":9}},"25":{"start":{"line":43,"column":12},"end":{"line":48,"column":66}},"26":{"start":{"line":44,"column":27},"end":{"line":44,"column":44}},"27":{"start":{"line":45,"column":16},"end":{"line":45,"column":87}},"28":{"start":{"line":45,"column":26},"end":{"line":45,"column":87}},"29":{"start":{"line":47,"column":16},"end":{"line":47,"column":31}},"30":{"start":{"line":48,"column":23},"end":{"line":48,"column":65}},"31":{"start":{"line":53,"column":8},"end":{"line":60,"column":9}},"32":{"start":{"line":54,"column":12},"end":{"line":59,"column":66}},"33":{"start":{"line":55,"column":27},"end":{"line":55,"column":62}},"34":{"start":{"line":56,"column":16},"end":{"line":56,"column":87}},"35":{"start":{"line":56,"column":26},"end":{"line":56,"column":87}},"36":{"start":{"line":58,"column":16},"end":{"line":58,"column":31}},"37":{"start":{"line":59,"column":23},"end":{"line":59,"column":65}},"38":{"start":{"line":64,"column":8},"end":{"line":71,"column":9}},"39":{"start":{"line":65,"column":12},"end":{"line":70,"column":67}},"40":{"start":{"line":66,"column":30},"end":{"line":66,"column":50}},"41":{"start":{"line":67,"column":16},"end":{"line":67,"column":92}},"42":{"start":{"line":67,"column":29},"end":{"line":67,"column":92}},"43":{"start":{"line":69,"column":16},"end":{"line":69,"column":34}},"44":{"start":{"line":70,"column":24},"end":{"line":70,"column":66}},"45":{"start":{"line":75,"column":8},"end":{"line":82,"column":9}},"46":{"start":{"line":76,"column":12},"end":{"line":81,"column":67}},"47":{"start":{"line":77,"column":30},"end":{"line":77,"column":93}},"48":{"start":{"line":78,"column":16},"end":{"line":78,"column":92}},"49":{"start":{"line":78,"column":29},"end":{"line":78,"column":92}},"50":{"start":{"line":80,"column":16},"end":{"line":80,"column":34}},"51":{"start":{"line":81,"column":24},"end":{"line":81,"column":66}},"52":{"start":{"line":86,"column":8},"end":{"line":104,"column":9}},"53":{"start":{"line":88,"column":26},"end":{"line":88,"column":64}},"54":{"start":{"line":89,"column":12},"end":{"line":89,"column":83}},"55":{"start":{"line":89,"column":25},"end":{"line":89,"column":83}},"56":{"start":{"line":91,"column":30},"end":{"line":91,"column":77}},"57":{"start":{"line":92,"column":12},"end":{"line":92,"column":99}},"58":{"start":{"line":92,"column":47},"end":{"line":92,"column":99}},"59":{"start":{"line":95,"column":12},"end":{"line":95,"column":91}},"60":{"start":{"line":96,"column":12},"end":{"line":96,"column":38}},"61":{"start":{"line":97,"column":12},"end":{"line":97,"column":33}},"62":{"start":{"line":99,"column":12},"end":{"line":102,"column":14}},"63":{"start":{"line":108,"column":8},"end":{"line":125,"column":9}},"64":{"start":{"line":110,"column":26},"end":{"line":110,"column":64}},"65":{"start":{"line":111,"column":12},"end":{"line":111,"column":83}},"66":{"start":{"line":111,"column":25},"end":{"line":111,"column":83}},"67":{"start":{"line":113,"column":30},"end":{"line":113,"column":77}},"68":{"start":{"line":114,"column":12},"end":{"line":114,"column":102}},"69":{"start":{"line":114,"column":50},"end":{"line":114,"column":102}},"70":{"start":{"line":117,"column":12},"end":{"line":117,"column":91}},"71":{"start":{"line":118,"column":12},"end":{"line":118,"column":33}},"72":{"start":{"line":121,"column":12},"end":{"line":124,"column":14}},"73":{"start":{"line":129,"column":8},"end":{"line":138,"column":9}},"74":{"start":{"line":130,"column":26},"end":{"line":130,"column":74}},"75":{"start":{"line":131,"column":12},"end":{"line":131,"column":83}},"76":{"start":{"line":131,"column":25},"end":{"line":131,"column":83}},"77":{"start":{"line":133,"column":12},"end":{"line":133,"column":33}},"78":{"start":{"line":134,"column":12},"end":{"line":137,"column":14}}},"fnMap":{"0":{"name":"(anonymous_0)","decl":{"start":{"line":7,"column":4},"end":{"line":7,"column":5}},"loc":{"start":{"line":7,"column":20},"end":{"line":27,"column":5}},"line":7},"1":{"name":"(anonymous_1)","decl":{"start":{"line":8,"column":15},"end":{"line":8,"column":16}},"loc":{"start":{"line":8,"column":34},"end":{"line":26,"column":9}},"line":8},"2":{"name":"(anonymous_2)","decl":{"start":{"line":29,"column":4},"end":{"line":29,"column":5}},"loc":{"start":{"line":29,"column":24},"end":{"line":39,"column":5}},"line":29},"3":{"name":"(anonymous_3)","decl":{"start":{"line":30,"column":15},"end":{"line":30,"column":16}},"loc":{"start":{"line":30,"column":34},"end":{"line":38,"column":9}},"line":30},"4":{"name":"(anonymous_4)","decl":{"start":{"line":41,"column":4},"end":{"line":41,"column":5}},"loc":{"start":{"line":41,"column":18},"end":{"line":50,"column":5}},"line":41},"5":{"name":"(anonymous_5)","decl":{"start":{"line":42,"column":15},"end":{"line":42,"column":16}},"loc":{"start":{"line":42,"column":33},"end":{"line":49,"column":9}},"line":42},"6":{"name":"(anonymous_6)","decl":{"start":{"line":52,"column":4},"end":{"line":52,"column":5}},"loc":{"start":{"line":52,"column":19},"end":{"line":61,"column":5}},"line":52},"7":{"name":"(anonymous_7)","decl":{"start":{"line":53,"column":15},"end":{"line":53,"column":16}},"loc":{"start":{"line":53,"column":33},"end":{"line":60,"column":9}},"line":53},"8":{"name":"(anonymous_8)","decl":{"start":{"line":63,"column":4},"end":{"line":63,"column":5}},"loc":{"start":{"line":63,"column":25},"end":{"line":72,"column":5}},"line":63},"9":{"name":"(anonymous_9)","decl":{"start":{"line":64,"column":15},"end":{"line":64,"column":16}},"loc":{"start":{"line":64,"column":33},"end":{"line":71,"column":9}},"line":64},"10":{"name":"(anonymous_10)","decl":{"start":{"line":74,"column":4},"end":{"line":74,"column":5}},"loc":{"start":{"line":74,"column":25},"end":{"line":83,"column":5}},"line":74},"11":{"name":"(anonymous_11)","decl":{"start":{"line":75,"column":15},"end":{"line":75,"column":16}},"loc":{"start":{"line":75,"column":33},"end":{"line":82,"column":9}},"line":75},"12":{"name":"(anonymous_12)","decl":{"start":{"line":85,"column":4},"end":{"line":85,"column":5}},"loc":{"start":{"line":85,"column":20},"end":{"line":105,"column":5}},"line":85},"13":{"name":"(anonymous_13)","decl":{"start":{"line":86,"column":15},"end":{"line":86,"column":16}},"loc":{"start":{"line":86,"column":34},"end":{"line":104,"column":9}},"line":86},"14":{"name":"(anonymous_14)","decl":{"start":{"line":107,"column":4},"end":{"line":107,"column":5}},"loc":{"start":{"line":107,"column":18},"end":{"line":126,"column":5}},"line":107},"15":{"name":"(anonymous_15)","decl":{"start":{"line":108,"column":15},"end":{"line":108,"column":16}},"loc":{"start":{"line":108,"column":34},"end":{"line":125,"column":9}},"line":108},"16":{"name":"(anonymous_16)","decl":{"start":{"line":128,"column":4},"end":{"line":128,"column":5}},"loc":{"start":{"line":128,"column":23},"end":{"line":139,"column":5}},"line":128},"17":{"name":"(anonymous_17)","decl":{"start":{"line":129,"column":15},"end":{"line":129,"column":16}},"loc":{"start":{"line":129,"column":34},"end":{"line":138,"column":9}},"line":129}},"branchMap":{"0":{"loc":{"start":{"line":11,"column":16},"end":{"line":11,"column":87}},"type":"if","locations":[{"start":{"line":11,"column":16},"end":{"line":11,"column":87}},{"start":{"line":11,"column":16},"end":{"line":11,"column":87}}],"line":11},"1":{"loc":{"start":{"line":45,"column":16},"end":{"line":45,"column":87}},"type":"if","locations":[{"start":{"line":45,"column":16},"end":{"line":45,"column":87}},{"start":{"line":45,"column":16},"end":{"line":45,"column":87}}],"line":45},"2":{"loc":{"start":{"line":56,"column":16},"end":{"line":56,"column":87}},"type":"if","locations":[{"start":{"line":56,"column":16},"end":{"line":56,"column":87}},{"start":{"line":56,"column":16},"end":{"line":56,"column":87}}],"line":56},"3":{"loc":{"start":{"line":67,"column":16},"end":{"line":67,"column":92}},"type":"if","locations":[{"start":{"line":67,"column":16},"end":{"line":67,"column":92}},{"start":{"line":67,"column":16},"end":{"line":67,"column":92}}],"line":67},"4":{"loc":{"start":{"line":78,"column":16},"end":{"line":78,"column":92}},"type":"if","locations":[{"start":{"line":78,"column":16},"end":{"line":78,"column":92}},{"start":{"line":78,"column":16},"end":{"line":78,"column":92}}],"line":78},"5":{"loc":{"start":{"line":89,"column":12},"end":{"line":89,"column":83}},"type":"if","locations":[{"start":{"line":89,"column":12},"end":{"line":89,"column":83}},{"start":{"line":89,"column":12},"end":{"line":89,"column":83}}],"line":89},"6":{"loc":{"start":{"line":92,"column":12},"end":{"line":92,"column":99}},"type":"if","locations":[{"start":{"line":92,"column":12},"end":{"line":92,"column":99}},{"start":{"line":92,"column":12},"end":{"line":92,"column":99}}],"line":92},"7":{"loc":{"start":{"line":111,"column":12},"end":{"line":111,"column":83}},"type":"if","locations":[{"start":{"line":111,"column":12},"end":{"line":111,"column":83}},{"start":{"line":111,"column":12},"end":{"line":111,"column":83}}],"line":111},"8":{"loc":{"start":{"line":114,"column":12},"end":{"line":114,"column":102}},"type":"if","locations":[{"start":{"line":114,"column":12},"end":{"line":114,"column":102}},{"start":{"line":114,"column":12},"end":{"line":114,"column":102}}],"line":114},"9":{"loc":{"start":{"line":131,"column":12},"end":{"line":131,"column":83}},"type":"if","locations":[{"start":{"line":131,"column":12},"end":{"line":131,"column":83}},{"start":{"line":131,"column":12},"end":{"line":131,"column":83}}],"line":131}},"s":{"0":3,"1":3,"2":3,"3":3,"4":3,"5":3,"6":1,"7":1,"8":1,"9":0,"10":1,"11":1,"12":1,"13":1,"14":1,"15":1,"16":0,"17":3,"18":1,"19":1,"20":1,"21":1,"22":1,"23":0,"24":3,"25":0,"26":0,"27":0,"28":0,"29":0,"30":0,"31":3,"32":0,"33":0,"34":0,"35":0,"36":0,"37":0,"38":3,"39":1,"40":1,"41":1,"42":0,"43":1,"44":0,"45":3,"46":1,"47":1,"48":1,"49":0,"50":1,"51":0,"52":3,"53":1,"54":1,"55":0,"56":1,"57":1,"58":0,"59":1,"60":1,"61":1,"62":1,"63":3,"64":1,"65":1,"66":0,"67":1,"68":1,"69":0,"70":1,"71":1,"72":1,"73":3,"74":1,"75":1,"76":0,"77":1,"78":1},"f":{"0":3,"1":1,"2":3,"3":1,"4":3,"5":0,"6":3,"7":0,"8":3,"9":1,"10":3,"11":1,"12":3,"13":1,"14":3,"15":1,"16":3,"17":1},"b":{"0":[0,1],"1":[0,0],"2":[0,0],"3":[0,1],"4":[0,1],"5":[0,1],"6":[0,1],"7":[0,1],"8":[0,1],"9":[0,1]},"_coverageSchema":"43e27e138ebf9cfc5966b082cf9a028302ed4184","hash":"1774371a4dfd9fd7b6243419ebc43b5549cb28cd"}
,"C:\\Users\\KALKEL\\Desktop\\personal\\banka-1\\controllers\\transactionCont.js": {"path":"C:\\Users\\KALKEL\\Desktop\\personal\\banka-1\\controllers\\transactionCont.js","statementMap":{"0":{"start":{"line":1,"column":24},"end":{"line":1,"column":55}},"1":{"start":{"line":2,"column":20},"end":{"line":2,"column":47}},"2":{"start":{"line":3,"column":10},"end":{"line":3,"column":27}},"3":{"start":{"line":4,"column":17},"end":{"line":4,"column":36}},"4":{"start":{"line":7,"column":0},"end":{"line":74,"column":1}},"5":{"start":{"line":9,"column":8},"end":{"line":30,"column":9}},"6":{"start":{"line":10,"column":12},"end":{"line":28,"column":67}},"7":{"start":{"line":11,"column":30},"end":{"line":11,"column":69}},"8":{"start":{"line":12,"column":34},"end":{"line":12,"column":117}},"9":{"start":{"line":14,"column":16},"end":{"line":19,"column":17}},"10":{"start":{"line":15,"column":20},"end":{"line":15,"column":55}},"11":{"start":{"line":17,"column":21},"end":{"line":19,"column":17}},"12":{"start":{"line":18,"column":20},"end":{"line":18,"column":55}},"13":{"start":{"line":21,"column":16},"end":{"line":21,"column":74}},"14":{"start":{"line":22,"column":16},"end":{"line":22,"column":41}},"15":{"start":{"line":24,"column":16},"end":{"line":27,"column":18}},"16":{"start":{"line":28,"column":24},"end":{"line":28,"column":66}},"17":{"start":{"line":34,"column":8},"end":{"line":42,"column":9}},"18":{"start":{"line":35,"column":12},"end":{"line":40,"column":67}},"19":{"start":{"line":36,"column":34},"end":{"line":36,"column":58}},"20":{"start":{"line":37,"column":16},"end":{"line":37,"column":101}},"21":{"start":{"line":37,"column":33},"end":{"line":37,"column":101}},"22":{"start":{"line":39,"column":16},"end":{"line":39,"column":38}},"23":{"start":{"line":40,"column":24},"end":{"line":40,"column":66}},"24":{"start":{"line":46,"column":8},"end":{"line":60,"column":9}},"25":{"start":{"line":47,"column":12},"end":{"line":59,"column":67}},"26":{"start":{"line":48,"column":29},"end":{"line":51,"column":18}},"27":{"start":{"line":53,"column":27},"end":{"line":53,"column":71}},"28":{"start":{"line":54,"column":33},"end":{"line":54,"column":102}},"29":{"start":{"line":55,"column":15},"end":{"line":55,"column":100}},"30":{"start":{"line":55,"column":32},"end":{"line":55,"column":100}},"31":{"start":{"line":57,"column":15},"end":{"line":57,"column":37}},"32":{"start":{"line":59,"column":24},"end":{"line":59,"column":66}},"33":{"start":{"line":64,"column":8},"end":{"line":72,"column":9}},"34":{"start":{"line":65,"column":30},"end":{"line":65,"column":77}},"35":{"start":{"line":67,"column":12},"end":{"line":71,"column":15}}},"fnMap":{"0":{"name":"(anonymous_0)","decl":{"start":{"line":8,"column":4},"end":{"line":8,"column":5}},"loc":{"start":{"line":8,"column":25},"end":{"line":31,"column":5}},"line":8},"1":{"name":"(anonymous_1)","decl":{"start":{"line":9,"column":15},"end":{"line":9,"column":16}},"loc":{"start":{"line":9,"column":34},"end":{"line":30,"column":9}},"line":9},"2":{"name":"(anonymous_2)","decl":{"start":{"line":33,"column":4},"end":{"line":33,"column":5}},"loc":{"start":{"line":33,"column":21},"end":{"line":43,"column":5}},"line":33},"3":{"name":"(anonymous_3)","decl":{"start":{"line":34,"column":15},"end":{"line":34,"column":16}},"loc":{"start":{"line":34,"column":34},"end":{"line":42,"column":9}},"line":34},"4":{"name":"(anonymous_4)","decl":{"start":{"line":45,"column":4},"end":{"line":45,"column":5}},"loc":{"start":{"line":45,"column":20},"end":{"line":61,"column":5}},"line":45},"5":{"name":"(anonymous_5)","decl":{"start":{"line":46,"column":15},"end":{"line":46,"column":16}},"loc":{"start":{"line":46,"column":34},"end":{"line":60,"column":9}},"line":46},"6":{"name":"(anonymous_6)","decl":{"start":{"line":63,"column":4},"end":{"line":63,"column":5}},"loc":{"start":{"line":63,"column":19},"end":{"line":73,"column":5}},"line":63},"7":{"name":"(anonymous_7)","decl":{"start":{"line":64,"column":15},"end":{"line":64,"column":16}},"loc":{"start":{"line":64,"column":34},"end":{"line":72,"column":9}},"line":64}},"branchMap":{"0":{"loc":{"start":{"line":14,"column":16},"end":{"line":19,"column":17}},"type":"if","locations":[{"start":{"line":14,"column":16},"end":{"line":19,"column":17}},{"start":{"line":14,"column":16},"end":{"line":19,"column":17}}],"line":14},"1":{"loc":{"start":{"line":17,"column":21},"end":{"line":19,"column":17}},"type":"if","locations":[{"start":{"line":17,"column":21},"end":{"line":19,"column":17}},{"start":{"line":17,"column":21},"end":{"line":19,"column":17}}],"line":17},"2":{"loc":{"start":{"line":37,"column":16},"end":{"line":37,"column":101}},"type":"if","locations":[{"start":{"line":37,"column":16},"end":{"line":37,"column":101}},{"start":{"line":37,"column":16},"end":{"line":37,"column":101}}],"line":37},"3":{"loc":{"start":{"line":55,"column":15},"end":{"line":55,"column":100}},"type":"if","locations":[{"start":{"line":55,"column":15},"end":{"line":55,"column":100}},{"start":{"line":55,"column":15},"end":{"line":55,"column":100}}],"line":55}},"s":{"0":3,"1":3,"2":3,"3":3,"4":3,"5":3,"6":2,"7":2,"8":2,"9":2,"10":0,"11":2,"12":1,"13":1,"14":1,"15":1,"16":1,"17":3,"18":1,"19":1,"20":1,"21":0,"22":1,"23":0,"24":3,"25":1,"26":1,"27":1,"28":1,"29":1,"30":0,"31":1,"32":0,"33":3,"34":1,"35":1},"f":{"0":3,"1":2,"2":3,"3":1,"4":3,"5":1,"6":3,"7":1},"b":{"0":[0,2],"1":[1,1],"2":[0,1],"3":[0,1]},"_coverageSchema":"43e27e138ebf9cfc5966b082cf9a028302ed4184","hash":"d9c6b922a0e8b223edf8537c28ed7834214b7f78"}
,"C:\\Users\\KALKEL\\Desktop\\personal\\banka-1\\controllers\\userCont.js": {"path":"C:\\Users\\KALKEL\\Desktop\\personal\\banka-1\\controllers\\userCont.js","statementMap":{"0":{"start":{"line":1,"column":15},"end":{"line":1,"column":39}},"1":{"start":{"line":2,"column":10},"end":{"line":2,"column":27}},"2":{"start":{"line":4,"column":0},"end":{"line":41,"column":1}},"3":{"start":{"line":6,"column":8},"end":{"line":22,"column":9}},"4":{"start":{"line":7,"column":12},"end":{"line":20,"column":67}},"5":{"start":{"line":8,"column":27},"end":{"line":8,"column":70}},"6":{"start":{"line":9,"column":16},"end":{"line":9,"column":87}},"7":{"start":{"line":9,"column":25},"end":{"line":9,"column":87}},"8":{"start":{"line":11,"column":16},"end":{"line":11,"column":111}},"9":{"start":{"line":12,"column":16},"end":{"line":12,"column":71}},"10":{"start":{"line":14,"column":16},"end":{"line":14,"column":34}},"11":{"start":{"line":16,"column":16},"end":{"line":19,"column":19}},"12":{"start":{"line":20,"column":24},"end":{"line":20,"column":66}},"13":{"start":{"line":26,"column":8},"end":{"line":38,"column":9}},"14":{"start":{"line":27,"column":12},"end":{"line":37,"column":67}},"15":{"start":{"line":28,"column":27},"end":{"line":28,"column":89}},"16":{"start":{"line":29,"column":16},"end":{"line":29,"column":60}},"17":{"start":{"line":31,"column":16},"end":{"line":31,"column":34}},"18":{"start":{"line":33,"column":16},"end":{"line":36,"column":18}},"19":{"start":{"line":37,"column":24},"end":{"line":37,"column":66}}},"fnMap":{"0":{"name":"(anonymous_0)","decl":{"start":{"line":5,"column":4},"end":{"line":5,"column":5}},"loc":{"start":{"line":5,"column":20},"end":{"line":23,"column":5}},"line":5},"1":{"name":"(anonymous_1)","decl":{"start":{"line":6,"column":15},"end":{"line":6,"column":16}},"loc":{"start":{"line":6,"column":34},"end":{"line":22,"column":9}},"line":6},"2":{"name":"(anonymous_2)","decl":{"start":{"line":25,"column":4},"end":{"line":25,"column":5}},"loc":{"start":{"line":25,"column":19},"end":{"line":39,"column":5}},"line":25},"3":{"name":"(anonymous_3)","decl":{"start":{"line":26,"column":15},"end":{"line":26,"column":16}},"loc":{"start":{"line":26,"column":34},"end":{"line":38,"column":9}},"line":26}},"branchMap":{"0":{"loc":{"start":{"line":9,"column":16},"end":{"line":9,"column":87}},"type":"if","locations":[{"start":{"line":9,"column":16},"end":{"line":9,"column":87}},{"start":{"line":9,"column":16},"end":{"line":9,"column":87}}],"line":9}},"s":{"0":3,"1":3,"2":3,"3":3,"4":2,"5":2,"6":2,"7":1,"8":1,"9":1,"10":1,"11":1,"12":0,"13":3,"14":2,"15":2,"16":1,"17":1,"18":1,"19":1},"f":{"0":3,"1":2,"2":3,"3":2},"b":{"0":[1,1]},"_coverageSchema":"43e27e138ebf9cfc5966b082cf9a028302ed4184","hash":"d037bbc3a0dab5ad8260b59b4da2bf5c9f6584f2"}
,"C:\\Users\\KALKEL\\Desktop\\personal\\banka-1\\middlewares\\admin.js": {"path":"C:\\Users\\KALKEL\\Desktop\\personal\\banka-1\\middlewares\\admin.js","statementMap":{"0":{"start":{"line":2,"column":0},"end":{"line":7,"column":1}},"1":{"start":{"line":3,"column":4},"end":{"line":5,"column":5}},"2":{"start":{"line":4,"column":8},"end":{"line":4,"column":84}},"3":{"start":{"line":6,"column":4},"end":{"line":6,"column":11}}},"fnMap":{"0":{"name":"(anonymous_0)","decl":{"start":{"line":2,"column":17},"end":{"line":2,"column":18}},"loc":{"start":{"line":2,"column":39},"end":{"line":7,"column":1}},"line":2}},"branchMap":{"0":{"loc":{"start":{"line":3,"column":4},"end":{"line":5,"column":5}},"type":"if","locations":[{"start":{"line":3,"column":4},"end":{"line":5,"column":5}},{"start":{"line":3,"column":4},"end":{"line":5,"column":5}}],"line":3}},"s":{"0":3,"1":4,"2":0,"3":4},"f":{"0":4},"b":{"0":[0,4]},"_coverageSchema":"43e27e138ebf9cfc5966b082cf9a028302ed4184","hash":"d1b278931e57348019f3912edada31884c4d251d"}
,"C:\\Users\\KALKEL\\Desktop\\personal\\banka-1\\middlewares\\auth.js": {"path":"C:\\Users\\KALKEL\\Desktop\\personal\\banka-1\\middlewares\\auth.js","statementMap":{"0":{"start":{"line":1,"column":12},"end":{"line":1,"column":35}},"1":{"start":{"line":2,"column":15},"end":{"line":2,"column":32}},"2":{"start":{"line":3,"column":17},"end":{"line":3,"column":41}},"3":{"start":{"line":5,"column":0},"end":{"line":18,"column":1}},"4":{"start":{"line":6,"column":16},"end":{"line":6,"column":43}},"5":{"start":{"line":7,"column":4},"end":{"line":14,"column":66}},"6":{"start":{"line":8,"column":22},"end":{"line":8,"column":61}},"7":{"start":{"line":9,"column":19},"end":{"line":9,"column":70}},"8":{"start":{"line":10,"column":8},"end":{"line":10,"column":36}},"9":{"start":{"line":10,"column":18},"end":{"line":10,"column":36}},"10":{"start":{"line":12,"column":8},"end":{"line":12,"column":24}},"11":{"start":{"line":13,"column":8},"end":{"line":13,"column":15}},"12":{"start":{"line":14,"column":17},"end":{"line":14,"column":65}}},"fnMap":{"0":{"name":"(anonymous_0)","decl":{"start":{"line":5,"column":17},"end":{"line":5,"column":18}},"loc":{"start":{"line":5,"column":46},"end":{"line":18,"column":1}},"line":5}},"branchMap":{"0":{"loc":{"start":{"line":10,"column":8},"end":{"line":10,"column":36}},"type":"if","locations":[{"start":{"line":10,"column":8},"end":{"line":10,"column":36}},{"start":{"line":10,"column":8},"end":{"line":10,"column":36}}],"line":10}},"s":{"0":3,"1":3,"2":3,"3":3,"4":13,"5":13,"6":13,"7":12,"8":12,"9":0,"10":12,"11":12,"12":1},"f":{"0":13},"b":{"0":[0,12]},"_coverageSchema":"43e27e138ebf9cfc5966b082cf9a028302ed4184","hash":"800b70c43073078e103bd20d289487d6261ef148"}
,"C:\\Users\\KALKEL\\Desktop\\personal\\banka-1\\middlewares\\authAcc.js": {"path":"C:\\Users\\KALKEL\\Desktop\\personal\\banka-1\\middlewares\\authAcc.js","statementMap":{"0":{"start":{"line":1,"column":12},"end":{"line":1,"column":35}},"1":{"start":{"line":2,"column":15},"end":{"line":2,"column":32}},"2":{"start":{"line":3,"column":20},"end":{"line":3,"column":47}},"3":{"start":{"line":5,"column":0},"end":{"line":16,"column":1}},"4":{"start":{"line":6,"column":16},"end":{"line":6,"column":43}},"5":{"start":{"line":7,"column":4},"end":{"line":14,"column":67}},"6":{"start":{"line":8,"column":22},"end":{"line":8,"column":61}},"7":{"start":{"line":9,"column":22},"end":{"line":9,"column":76}},"8":{"start":{"line":10,"column":8},"end":{"line":10,"column":39}},"9":{"start":{"line":10,"column":21},"end":{"line":10,"column":39}},"10":{"start":{"line":12,"column":8},"end":{"line":12,"column":30}},"11":{"start":{"line":13,"column":8},"end":{"line":13,"column":15}},"12":{"start":{"line":14,"column":17},"end":{"line":14,"column":66}}},"fnMap":{"0":{"name":"(anonymous_0)","decl":{"start":{"line":5,"column":17},"end":{"line":5,"column":18}},"loc":{"start":{"line":5,"column":46},"end":{"line":16,"column":1}},"line":5}},"branchMap":{"0":{"loc":{"start":{"line":10,"column":8},"end":{"line":10,"column":39}},"type":"if","locations":[{"start":{"line":10,"column":8},"end":{"line":10,"column":39}},{"start":{"line":10,"column":8},"end":{"line":10,"column":39}}],"line":10}},"s":{"0":3,"1":3,"2":3,"3":3,"4":10,"5":10,"6":10,"7":9,"8":9,"9":0,"10":9,"11":9,"12":1},"f":{"0":10},"b":{"0":[0,9]},"_coverageSchema":"43e27e138ebf9cfc5966b082cf9a028302ed4184","hash":"af7e258b7b432388c37e25457fc5dd5f7436c0f3"}
,"C:\\Users\\KALKEL\\Desktop\\personal\\banka-1\\middlewares\\authT.js": {"path":"C:\\Users\\KALKEL\\Desktop\\personal\\banka-1\\middlewares\\authT.js","statementMap":{"0":{"start":{"line":1,"column":12},"end":{"line":1,"column":35}},"1":{"start":{"line":2,"column":15},"end":{"line":2,"column":32}},"2":{"start":{"line":3,"column":24},"end":{"line":3,"column":55}},"3":{"start":{"line":5,"column":0},"end":{"line":16,"column":1}},"4":{"start":{"line":6,"column":16},"end":{"line":6,"column":41}},"5":{"start":{"line":7,"column":4},"end":{"line":14,"column":67}},"6":{"start":{"line":8,"column":22},"end":{"line":8,"column":61}},"7":{"start":{"line":9,"column":26},"end":{"line":9,"column":84}},"8":{"start":{"line":10,"column":8},"end":{"line":10,"column":43}},"9":{"start":{"line":10,"column":25},"end":{"line":10,"column":43}},"10":{"start":{"line":12,"column":8},"end":{"line":12,"column":38}},"11":{"start":{"line":13,"column":8},"end":{"line":13,"column":15}},"12":{"start":{"line":14,"column":17},"end":{"line":14,"column":66}}},"fnMap":{"0":{"name":"(anonymous_0)","decl":{"start":{"line":5,"column":17},"end":{"line":5,"column":18}},"loc":{"start":{"line":5,"column":46},"end":{"line":16,"column":1}},"line":5}},"branchMap":{"0":{"loc":{"start":{"line":10,"column":8},"end":{"line":10,"column":43}},"type":"if","locations":[{"start":{"line":10,"column":8},"end":{"line":10,"column":43}},{"start":{"line":10,"column":8},"end":{"line":10,"column":43}}],"line":10}},"s":{"0":3,"1":3,"2":3,"3":3,"4":3,"5":3,"6":3,"7":3,"8":3,"9":0,"10":3,"11":3,"12":0},"f":{"0":3},"b":{"0":[0,3]},"_coverageSchema":"43e27e138ebf9cfc5966b082cf9a028302ed4184","hash":"840ea8b58f4ab282de6d9288685de566f8daba9e"}
,"C:\\Users\\KALKEL\\Desktop\\personal\\banka-1\\middlewares\\error.js": {"path":"C:\\Users\\KALKEL\\Desktop\\personal\\banka-1\\middlewares\\error.js","statementMap":{"0":{"start":{"line":1,"column":16},"end":{"line":1,"column":34}},"1":{"start":{"line":3,"column":0},"end":{"line":6,"column":1}},"2":{"start":{"line":4,"column":4},"end":{"line":4,"column":36}},"3":{"start":{"line":5,"column":4},"end":{"line":5,"column":59}}},"fnMap":{"0":{"name":"(anonymous_0)","decl":{"start":{"line":3,"column":17},"end":{"line":3,"column":18}},"loc":{"start":{"line":3,"column":39},"end":{"line":6,"column":1}},"line":3}},"branchMap":{},"s":{"0":3,"1":3,"2":0,"3":0},"f":{"0":0},"b":{},"_coverageSchema":"43e27e138ebf9cfc5966b082cf9a028302ed4184","hash":"13c288089f4c1c5391b73804a6705ba37d6042b7"}
,"C:\\Users\\KALKEL\\Desktop\\personal\\banka-1\\middlewares\\staff.js": {"path":"C:\\Users\\KALKEL\\Desktop\\personal\\banka-1\\middlewares\\staff.js","statementMap":{"0":{"start":{"line":2,"column":0},"end":{"line":7,"column":1}},"1":{"start":{"line":3,"column":4},"end":{"line":5,"column":5}},"2":{"start":{"line":4,"column":8},"end":{"line":4,"column":84}},"3":{"start":{"line":6,"column":4},"end":{"line":6,"column":11}}},"fnMap":{"0":{"name":"(anonymous_0)","decl":{"start":{"line":2,"column":17},"end":{"line":2,"column":18}},"loc":{"start":{"line":2,"column":39},"end":{"line":7,"column":1}},"line":2}},"branchMap":{"0":{"loc":{"start":{"line":3,"column":4},"end":{"line":5,"column":5}},"type":"if","locations":[{"start":{"line":3,"column":4},"end":{"line":5,"column":5}},{"start":{"line":3,"column":4},"end":{"line":5,"column":5}}],"line":3}},"s":{"0":3,"1":6,"2":0,"3":6},"f":{"0":6},"b":{"0":[0,6]},"_coverageSchema":"43e27e138ebf9cfc5966b082cf9a028302ed4184","hash":"ba7c8be704c8e990f0d32e3033982d8c4ef59159"}
,"C:\\Users\\KALKEL\\Desktop\\personal\\banka-1\\model\\Account.js": {"path":"C:\\Users\\KALKEL\\Desktop\\personal\\banka-1\\model\\Account.js","statementMap":{"0":{"start":{"line":1,"column":17},"end":{"line":1,"column":36}},"1":{"start":{"line":2,"column":12},"end":{"line":2,"column":26}},"2":{"start":{"line":3,"column":12},"end":{"line":3,"column":35}},"3":{"start":{"line":4,"column":15},"end":{"line":4,"column":32}},"4":{"start":{"line":5,"column":15},"end":{"line":5,"column":32}},"5":{"start":{"line":6,"column":18},"end":{"line":6,"column":39}},"6":{"start":{"line":8,"column":22},"end":{"line":39,"column":1}},"7":{"start":{"line":42,"column":0},"end":{"line":49,"column":1}},"8":{"start":{"line":44,"column":15},"end":{"line":44,"column":42}},"9":{"start":{"line":45,"column":4},"end":{"line":45,"column":31}},"10":{"start":{"line":46,"column":4},"end":{"line":46,"column":92}},"11":{"start":{"line":48,"column":4},"end":{"line":48,"column":28}},"12":{"start":{"line":52,"column":0},"end":{"line":57,"column":1}},"13":{"start":{"line":53,"column":21},"end":{"line":53,"column":39}},"14":{"start":{"line":54,"column":4},"end":{"line":54,"column":34}},"15":{"start":{"line":56,"column":4},"end":{"line":56,"column":28}},"16":{"start":{"line":61,"column":0},"end":{"line":67,"column":2}},"17":{"start":{"line":63,"column":18},"end":{"line":63,"column":92}},"18":{"start":{"line":64,"column":4},"end":{"line":64,"column":23}},"19":{"start":{"line":66,"column":4},"end":{"line":66,"column":17}},"20":{"start":{"line":71,"column":0},"end":{"line":85,"column":1}},"21":{"start":{"line":72,"column":20},"end":{"line":72,"column":28}},"22":{"start":{"line":74,"column":19},"end":{"line":77,"column":5}},"23":{"start":{"line":79,"column":20},"end":{"line":79,"column":44}},"24":{"start":{"line":81,"column":20},"end":{"line":81,"column":58}},"25":{"start":{"line":82,"column":4},"end":{"line":82,"column":77}},"26":{"start":{"line":82,"column":14},"end":{"line":82,"column":77}},"27":{"start":{"line":84,"column":4},"end":{"line":84,"column":11}},"28":{"start":{"line":90,"column":0},"end":{"line":90,"column":58}}},"fnMap":{"0":{"name":"(anonymous_0)","decl":{"start":{"line":42,"column":39},"end":{"line":42,"column":40}},"loc":{"start":{"line":42,"column":63},"end":{"line":49,"column":1}},"line":42},"1":{"name":"(anonymous_1)","decl":{"start":{"line":52,"column":41},"end":{"line":52,"column":42}},"loc":{"start":{"line":52,"column":47},"end":{"line":57,"column":1}},"line":52},"2":{"name":"(anonymous_2)","decl":{"start":{"line":61,"column":42},"end":{"line":61,"column":43}},"loc":{"start":{"line":61,"column":54},"end":{"line":67,"column":2}},"line":61},"3":{"name":"(anonymous_3)","decl":{"start":{"line":71,"column":23},"end":{"line":71,"column":24}},"loc":{"start":{"line":71,"column":48},"end":{"line":85,"column":1}},"line":71}},"branchMap":{"0":{"loc":{"start":{"line":82,"column":4},"end":{"line":82,"column":77}},"type":"if","locations":[{"start":{"line":82,"column":4},"end":{"line":82,"column":77}},{"start":{"line":82,"column":4},"end":{"line":82,"column":77}}],"line":82}},"s":{"0":3,"1":3,"2":3,"3":3,"4":3,"5":3,"6":3,"7":3,"8":1,"9":1,"10":1,"11":1,"12":3,"13":1,"14":1,"15":1,"16":3,"17":1,"18":1,"19":1,"20":3,"21":2,"22":2,"23":2,"24":2,"25":2,"26":1,"27":1,"28":3},"f":{"0":1,"1":1,"2":1,"3":2},"b":{"0":[1,1]},"_coverageSchema":"43e27e138ebf9cfc5966b082cf9a028302ed4184","hash":"9335b79489c02d76e156958a27ce8a8a15fe3143"}
,"C:\\Users\\KALKEL\\Desktop\\personal\\banka-1\\model\\Transaction.js": {"path":"C:\\Users\\KALKEL\\Desktop\\personal\\banka-1\\model\\Transaction.js","statementMap":{"0":{"start":{"line":1,"column":17},"end":{"line":1,"column":36}},"1":{"start":{"line":2,"column":12},"end":{"line":2,"column":26}},"2":{"start":{"line":3,"column":12},"end":{"line":3,"column":35}},"3":{"start":{"line":4,"column":15},"end":{"line":4,"column":32}},"4":{"start":{"line":7,"column":26},"end":{"line":29,"column":2}},"5":{"start":{"line":33,"column":0},"end":{"line":39,"column":2}},"6":{"start":{"line":35,"column":18},"end":{"line":35,"column":71}},"7":{"start":{"line":36,"column":4},"end":{"line":36,"column":23}},"8":{"start":{"line":38,"column":4},"end":{"line":38,"column":17}},"9":{"start":{"line":42,"column":1},"end":{"line":58,"column":2}},"10":{"start":{"line":43,"column":21},"end":{"line":43,"column":29}},"11":{"start":{"line":45,"column":20},"end":{"line":50,"column":6}},"12":{"start":{"line":52,"column":21},"end":{"line":52,"column":45}},"13":{"start":{"line":54,"column":23},"end":{"line":54,"column":61}},"14":{"start":{"line":55,"column":5},"end":{"line":55,"column":78}},"15":{"start":{"line":55,"column":15},"end":{"line":55,"column":78}},"16":{"start":{"line":57,"column":5},"end":{"line":57,"column":12}},"17":{"start":{"line":61,"column":0},"end":{"line":61,"column":71}}},"fnMap":{"0":{"name":"(anonymous_0)","decl":{"start":{"line":33,"column":46},"end":{"line":33,"column":47}},"loc":{"start":{"line":33,"column":58},"end":{"line":39,"column":2}},"line":33},"1":{"name":"(anonymous_1)","decl":{"start":{"line":42,"column":28},"end":{"line":42,"column":29}},"loc":{"start":{"line":42,"column":51},"end":{"line":58,"column":2}},"line":42}},"branchMap":{"0":{"loc":{"start":{"line":55,"column":5},"end":{"line":55,"column":78}},"type":"if","locations":[{"start":{"line":55,"column":5},"end":{"line":55,"column":78}},{"start":{"line":55,"column":5},"end":{"line":55,"column":78}}],"line":55}},"s":{"0":3,"1":3,"2":3,"3":3,"4":3,"5":3,"6":1,"7":1,"8":1,"9":3,"10":2,"11":2,"12":2,"13":2,"14":2,"15":0,"16":2,"17":3},"f":{"0":1,"1":2},"b":{"0":[0,2]},"_coverageSchema":"43e27e138ebf9cfc5966b082cf9a028302ed4184","hash":"392361b0a3669a83d1017aee111e1eb6cffb2cd2"}
,"C:\\Users\\KALKEL\\Desktop\\personal\\banka-1\\model\\User.js": {"path":"C:\\Users\\KALKEL\\Desktop\\personal\\banka-1\\model\\User.js","statementMap":{"0":{"start":{"line":1,"column":17},"end":{"line":1,"column":36}},"1":{"start":{"line":2,"column":16},"end":{"line":2,"column":36}},"2":{"start":{"line":3,"column":18},"end":{"line":3,"column":43}},"3":{"start":{"line":4,"column":12},"end":{"line":4,"column":37}},"4":{"start":{"line":5,"column":15},"end":{"line":5,"column":32}},"5":{"start":{"line":6,"column":15},"end":{"line":6,"column":32}},"6":{"start":{"line":7,"column":12},"end":{"line":7,"column":35}},"7":{"start":{"line":9,"column":19},"end":{"line":44,"column":1}},"8":{"start":{"line":47,"column":0},"end":{"line":53,"column":1}},"9":{"start":{"line":48,"column":17},"end":{"line":48,"column":41}},"10":{"start":{"line":49,"column":4},"end":{"line":49,"column":29}},"11":{"start":{"line":50,"column":4},"end":{"line":50,"column":59}},"12":{"start":{"line":52,"column":4},"end":{"line":52,"column":25}},"13":{"start":{"line":55,"column":0},"end":{"line":61,"column":1}},"14":{"start":{"line":57,"column":17},"end":{"line":57,"column":91}},"15":{"start":{"line":58,"column":3},"end":{"line":58,"column":22}},"16":{"start":{"line":60,"column":3},"end":{"line":60,"column":16}},"17":{"start":{"line":64,"column":0},"end":{"line":69,"column":1}},"18":{"start":{"line":65,"column":15},"end":{"line":65,"column":74}},"19":{"start":{"line":66,"column":4},"end":{"line":66,"column":48}},"20":{"start":{"line":68,"column":4},"end":{"line":68,"column":22}},"21":{"start":{"line":72,"column":0},"end":{"line":80,"column":1}},"22":{"start":{"line":73,"column":15},"end":{"line":73,"column":52}},"23":{"start":{"line":74,"column":4},"end":{"line":74,"column":59}},"24":{"start":{"line":74,"column":14},"end":{"line":74,"column":59}},"25":{"start":{"line":76,"column":24},"end":{"line":76,"column":69}},"26":{"start":{"line":77,"column":4},"end":{"line":77,"column":68}},"27":{"start":{"line":77,"column":23},"end":{"line":77,"column":68}},"28":{"start":{"line":79,"column":4},"end":{"line":79,"column":16}},"29":{"start":{"line":83,"column":0},"end":{"line":103,"column":1}},"30":{"start":{"line":84,"column":20},"end":{"line":84,"column":28}},"31":{"start":{"line":86,"column":19},"end":{"line":95,"column":5}},"32":{"start":{"line":97,"column":20},"end":{"line":97,"column":44}},"33":{"start":{"line":99,"column":22},"end":{"line":99,"column":60}},"34":{"start":{"line":100,"column":4},"end":{"line":100,"column":77}},"35":{"start":{"line":100,"column":14},"end":{"line":100,"column":77}},"36":{"start":{"line":102,"column":4},"end":{"line":102,"column":11}},"37":{"start":{"line":106,"column":0},"end":{"line":106,"column":50}}},"fnMap":{"0":{"name":"(anonymous_0)","decl":{"start":{"line":47,"column":34},"end":{"line":47,"column":35}},"loc":{"start":{"line":47,"column":54},"end":{"line":53,"column":1}},"line":47},"1":{"name":"(anonymous_1)","decl":{"start":{"line":55,"column":39},"end":{"line":55,"column":40}},"loc":{"start":{"line":55,"column":51},"end":{"line":61,"column":1}},"line":55},"2":{"name":"(anonymous_2)","decl":{"start":{"line":64,"column":32},"end":{"line":64,"column":33}},"loc":{"start":{"line":64,"column":44},"end":{"line":69,"column":1}},"line":64},"3":{"name":"(anonymous_3)","decl":{"start":{"line":72,"column":38},"end":{"line":72,"column":39}},"loc":{"start":{"line":72,"column":65},"end":{"line":80,"column":1}},"line":72},"4":{"name":"(anonymous_4)","decl":{"start":{"line":83,"column":23},"end":{"line":83,"column":24}},"loc":{"start":{"line":83,"column":47},"end":{"line":103,"column":1}},"line":83}},"branchMap":{"0":{"loc":{"start":{"line":74,"column":4},"end":{"line":74,"column":59}},"type":"if","locations":[{"start":{"line":74,"column":4},"end":{"line":74,"column":59}},{"start":{"line":74,"column":4},"end":{"line":74,"column":59}}],"line":74},"1":{"loc":{"start":{"line":77,"column":4},"end":{"line":77,"column":68}},"type":"if","locations":[{"start":{"line":77,"column":4},"end":{"line":77,"column":68}},{"start":{"line":77,"column":4},"end":{"line":77,"column":68}}],"line":77},"2":{"loc":{"start":{"line":100,"column":4},"end":{"line":100,"column":77}},"type":"if","locations":[{"start":{"line":100,"column":4},"end":{"line":100,"column":77}},{"start":{"line":100,"column":4},"end":{"line":100,"column":77}}],"line":100}},"s":{"0":3,"1":3,"2":3,"3":3,"4":3,"5":3,"6":3,"7":3,"8":3,"9":3,"10":3,"11":3,"12":3,"13":3,"14":5,"15":5,"16":5,"17":3,"18":0,"19":0,"20":0,"21":3,"22":4,"23":4,"24":1,"25":3,"26":3,"27":0,"28":3,"29":3,"30":5,"31":5,"32":5,"33":5,"34":5,"35":1,"36":4,"37":3},"f":{"0":3,"1":5,"2":0,"3":4,"4":5},"b":{"0":[1,3],"1":[0,3],"2":[1,4]},"_coverageSchema":"43e27e138ebf9cfc5966b082cf9a028302ed4184","hash":"fa526547aa646325906df751e6ebfa57b50d48b6"}
,"C:\\Users\\KALKEL\\Desktop\\personal\\banka-1\\routes\\transactionRt.js": {"path":"C:\\Users\\KALKEL\\Desktop\\personal\\banka-1\\routes\\transactionRt.js","statementMap":{"0":{"start":{"line":1,"column":16},"end":{"line":1,"column":34}},"1":{"start":{"line":2,"column":15},"end":{"line":2,"column":31}},"2":{"start":{"line":3,"column":13},"end":{"line":3,"column":44}},"3":{"start":{"line":4,"column":12},"end":{"line":4,"column":45}},"4":{"start":{"line":5,"column":29},"end":{"line":5,"column":60}},"5":{"start":{"line":6,"column":30},"end":{"line":6,"column":71}},"6":{"start":{"line":8,"column":0},"end":{"line":13,"column":1}},"7":{"start":{"line":15,"column":0},"end":{"line":19,"column":1}},"8":{"start":{"line":20,"column":0},"end":{"line":24,"column":1}},"9":{"start":{"line":26,"column":0},"end":{"line":31,"column":1}},"10":{"start":{"line":34,"column":0},"end":{"line":34,"column":24}}},"fnMap":{},"branchMap":{},"s":{"0":3,"1":3,"2":3,"3":3,"4":3,"5":3,"6":3,"7":3,"8":3,"9":3,"10":3},"f":{},"b":{},"_coverageSchema":"43e27e138ebf9cfc5966b082cf9a028302ed4184","hash":"ee175b3f61a6f5b2460c151e2bcd35a5fa4d51e3"}
,"C:\\Users\\KALKEL\\Desktop\\personal\\banka-1\\routes\\users\\clientRt.js": {"path":"C:\\Users\\KALKEL\\Desktop\\personal\\banka-1\\routes\\users\\clientRt.js","statementMap":{"0":{"start":{"line":1,"column":16},"end":{"line":1,"column":34}},"1":{"start":{"line":2,"column":15},"end":{"line":2,"column":31}},"2":{"start":{"line":3,"column":23},"end":{"line":3,"column":50}},"3":{"start":{"line":4,"column":23},"end":{"line":4,"column":60}},"4":{"start":{"line":5,"column":13},"end":{"line":5,"column":46}},"5":{"start":{"line":6,"column":25},"end":{"line":6,"column":55}},"6":{"start":{"line":7,"column":26},"end":{"line":7,"column":66}},"7":{"start":{"line":9,"column":0},"end":{"line":13,"column":1}},"8":{"start":{"line":15,"column":0},"end":{"line":18,"column":1}},"9":{"start":{"line":20,"column":0},"end":{"line":25,"column":1}},"10":{"start":{"line":32,"column":0},"end":{"line":32,"column":24}}},"fnMap":{},"branchMap":{},"s":{"0":3,"1":3,"2":3,"3":3,"4":3,"5":3,"6":3,"7":3,"8":3,"9":3,"10":3},"f":{},"b":{},"_coverageSchema":"43e27e138ebf9cfc5966b082cf9a028302ed4184","hash":"b972bd45ddc2673739c65f7067fa4062598f1dc0"}
,"C:\\Users\\KALKEL\\Desktop\\personal\\banka-1\\routes\\users\\staffRt.js": {"path":"C:\\Users\\KALKEL\\Desktop\\personal\\banka-1\\routes\\users\\staffRt.js","statementMap":{"0":{"start":{"line":1,"column":16},"end":{"line":1,"column":34}},"1":{"start":{"line":2,"column":15},"end":{"line":2,"column":31}},"2":{"start":{"line":3,"column":13},"end":{"line":3,"column":46}},"3":{"start":{"line":4,"column":12},"end":{"line":4,"column":48}},"4":{"start":{"line":5,"column":18},"end":{"line":5,"column":52}},"5":{"start":{"line":6,"column":14},"end":{"line":6,"column":48}},"6":{"start":{"line":7,"column":14},"end":{"line":7,"column":48}},"7":{"start":{"line":8,"column":25},"end":{"line":8,"column":52}},"8":{"start":{"line":9,"column":24},"end":{"line":9,"column":62}},"9":{"start":{"line":10,"column":24},"end":{"line":10,"column":62}},"10":{"start":{"line":16,"column":0},"end":{"line":20,"column":1}},"11":{"start":{"line":22,"column":0},"end":{"line":27,"column":1}},"12":{"start":{"line":29,"column":0},"end":{"line":34,"column":1}},"13":{"start":{"line":35,"column":0},"end":{"line":40,"column":1}},"14":{"start":{"line":45,"column":0},"end":{"line":51,"column":1}},"15":{"start":{"line":52,"column":0},"end":{"line":57,"column":1}},"16":{"start":{"line":59,"column":0},"end":{"line":66,"column":1}},"17":{"start":{"line":68,"column":0},"end":{"line":75,"column":1}},"18":{"start":{"line":77,"column":0},"end":{"line":82,"column":1}},"19":{"start":{"line":84,"column":0},"end":{"line":90,"column":1}},"20":{"start":{"line":92,"column":0},"end":{"line":97,"column":1}},"21":{"start":{"line":99,"column":0},"end":{"line":104,"column":1}},"22":{"start":{"line":106,"column":0},"end":{"line":112,"column":1}},"23":{"start":{"line":115,"column":0},"end":{"line":115,"column":24}}},"fnMap":{},"branchMap":{},"s":{"0":3,"1":3,"2":3,"3":3,"4":3,"5":3,"6":3,"7":3,"8":3,"9":3,"10":3,"11":3,"12":3,"13":3,"14":3,"15":3,"16":3,"17":3,"18":3,"19":3,"20":3,"21":3,"22":3,"23":3},"f":{},"b":{},"_coverageSchema":"43e27e138ebf9cfc5966b082cf9a028302ed4184","hash":"ac938861b053d21b935191e4766fb553930ce654"}
,"C:\\Users\\KALKEL\\Desktop\\personal\\banka-1\\src\\config.js": {"path":"C:\\Users\\KALKEL\\Desktop\\personal\\banka-1\\src\\config.js","statementMap":{"0":{"start":{"line":1,"column":15},"end":{"line":1,"column":32}},"1":{"start":{"line":3,"column":0},"end":{"line":10,"column":1}},"2":{"start":{"line":4,"column":4},"end":{"line":9,"column":5}},"3":{"start":{"line":5,"column":8},"end":{"line":5,"column":48}},"4":{"start":{"line":7,"column":9},"end":{"line":9,"column":5}},"5":{"start":{"line":8,"column":8},"end":{"line":8,"column":46}}},"fnMap":{"0":{"name":"(anonymous_0)","decl":{"start":{"line":3,"column":17},"end":{"line":3,"column":18}},"loc":{"start":{"line":3,"column":23},"end":{"line":10,"column":1}},"line":3}},"branchMap":{"0":{"loc":{"start":{"line":4,"column":4},"end":{"line":9,"column":5}},"type":"if","locations":[{"start":{"line":4,"column":4},"end":{"line":9,"column":5}},{"start":{"line":4,"column":4},"end":{"line":9,"column":5}}],"line":4},"1":{"loc":{"start":{"line":7,"column":9},"end":{"line":9,"column":5}},"type":"if","locations":[{"start":{"line":7,"column":9},"end":{"line":9,"column":5}},{"start":{"line":7,"column":9},"end":{"line":9,"column":5}}],"line":7}},"s":{"0":3,"1":3,"2":3,"3":0,"4":3,"5":0},"f":{"0":3},"b":{"0":[0,3],"1":[0,3]},"_coverageSchema":"43e27e138ebf9cfc5966b082cf9a028302ed4184","hash":"025a8a967933e4f2795f90f0316442098ab3dcba"}
,"C:\\Users\\KALKEL\\Desktop\\personal\\banka-1\\src\\db.js": {"path":"C:\\Users\\KALKEL\\Desktop\\personal\\banka-1\\src\\db.js","statementMap":{"0":{"start":{"line":1,"column":17},"end":{"line":1,"column":36}},"1":{"start":{"line":2,"column":16},"end":{"line":2,"column":34}},"2":{"start":{"line":3,"column":15},"end":{"line":3,"column":32}},"3":{"start":{"line":5,"column":17},"end":{"line":5,"column":33}},"4":{"start":{"line":7,"column":11},"end":{"line":11,"column":94}},"5":{"start":{"line":11,"column":16},"end":{"line":11,"column":93}},"6":{"start":{"line":13,"column":0},"end":{"line":13,"column":20}}},"fnMap":{"0":{"name":"(anonymous_0)","decl":{"start":{"line":11,"column":10},"end":{"line":11,"column":11}},"loc":{"start":{"line":11,"column":16},"end":{"line":11,"column":93}},"line":11}},"branchMap":{},"s":{"0":3,"1":3,"2":3,"3":3,"4":3,"5":3,"6":3},"f":{"0":3},"b":{},"_coverageSchema":"43e27e138ebf9cfc5966b082cf9a028302ed4184","hash":"dcafe8963bf5b34007d4bb998d115cff9fdd0e77"}
,"C:\\Users\\KALKEL\\Desktop\\personal\\banka-1\\src\\logging.js": {"path":"C:\\Users\\KALKEL\\Desktop\\personal\\banka-1\\src\\logging.js","statementMap":{"0":{"start":{"line":1,"column":0},"end":{"line":1,"column":32}},"1":{"start":{"line":2,"column":16},"end":{"line":2,"column":34}},"2":{"start":{"line":4,"column":0},"end":{"line":16,"column":1}},"3":{"start":{"line":5,"column":4},"end":{"line":7,"column":68}},"4":{"start":{"line":8,"column":4},"end":{"line":10,"column":6}},"5":{"start":{"line":9,"column":8},"end":{"line":9,"column":19}},"6":{"start":{"line":11,"column":4},"end":{"line":13,"column":6}},"7":{"start":{"line":12,"column":8},"end":{"line":12,"column":19}},"8":{"start":{"line":14,"column":4},"end":{"line":14,"column":65}}},"fnMap":{"0":{"name":"(anonymous_0)","decl":{"start":{"line":4,"column":17},"end":{"line":4,"column":18}},"loc":{"start":{"line":4,"column":23},"end":{"line":16,"column":1}},"line":4},"1":{"name":"(anonymous_1)","decl":{"start":{"line":8,"column":37},"end":{"line":8,"column":38}},"loc":{"start":{"line":8,"column":45},"end":{"line":10,"column":5}},"line":8},"2":{"name":"(anonymous_2)","decl":{"start":{"line":11,"column":37},"end":{"line":11,"column":38}},"loc":{"start":{"line":11,"column":45},"end":{"line":13,"column":5}},"line":11}},"branchMap":{},"s":{"0":3,"1":3,"2":3,"3":3,"4":3,"5":0,"6":3,"7":0,"8":3},"f":{"0":3,"1":0,"2":0},"b":{},"_coverageSchema":"43e27e138ebf9cfc5966b082cf9a028302ed4184","hash":"a0d671c134f3a52cbe64ac5d6eda8cdf0bcbde27"}
,"C:\\Users\\KALKEL\\Desktop\\personal\\banka-1\\src\\routes.js": {"path":"C:\\Users\\KALKEL\\Desktop\\personal\\banka-1\\src\\routes.js","statementMap":{"0":{"start":{"line":1,"column":16},"end":{"line":1,"column":34}},"1":{"start":{"line":2,"column":14},"end":{"line":2,"column":45}},"2":{"start":{"line":3,"column":15},"end":{"line":3,"column":50}},"3":{"start":{"line":4,"column":20},"end":{"line":4,"column":54}},"4":{"start":{"line":5,"column":14},"end":{"line":5,"column":48}},"5":{"start":{"line":6,"column":15},"end":{"line":6,"column":32}},"6":{"start":{"line":9,"column":0},"end":{"line":17,"column":1}},"7":{"start":{"line":10,"column":4},"end":{"line":10,"column":28}},"8":{"start":{"line":11,"column":4},"end":{"line":11,"column":49}},"9":{"start":{"line":12,"column":4},"end":{"line":12,"column":28}},"10":{"start":{"line":13,"column":4},"end":{"line":13,"column":37}},"11":{"start":{"line":14,"column":4},"end":{"line":14,"column":48}},"12":{"start":{"line":15,"column":4},"end":{"line":15,"column":36}},"13":{"start":{"line":16,"column":4},"end":{"line":16,"column":19}}},"fnMap":{"0":{"name":"(anonymous_0)","decl":{"start":{"line":9,"column":17},"end":{"line":9,"column":18}},"loc":{"start":{"line":9,"column":26},"end":{"line":17,"column":1}},"line":9}},"branchMap":{},"s":{"0":3,"1":3,"2":3,"3":3,"4":3,"5":3,"6":3,"7":3,"8":3,"9":3,"10":3,"11":3,"12":3,"13":3},"f":{"0":3},"b":{},"_coverageSchema":"43e27e138ebf9cfc5966b082cf9a028302ed4184","hash":"c2034362cb3c327faf74999371f49f054183ca2f"}
}
