TN:
SF:C:\Users\KALKEL\Desktop\personal\banka-1\app.js
FNF:0
FNH:0
DA:1,3
DA:2,3
DA:3,3
DA:4,3
DA:5,3
DA:6,3
DA:10,3
LF:7
LH:7
BRF:0
BRH:0
end_of_record
TN:
SF:C:\Users\KALKEL\Desktop\personal\banka-1\controllers\accountCont.js
FN:6,(anonymous_0)
FN:7,(anonymous_1)
FNF:2
FNH:2
FNDA:3,(anonymous_0)
FNDA:1,(anonymous_1)
DA:1,3
DA:2,3
DA:3,3
DA:5,3
DA:7,3
DA:8,1
DA:9,1
DA:10,1
DA:12,1
DA:13,1
DA:14,1
DA:15,1
DA:16,1
DA:17,1
DA:19,1
DA:27,0
LF:16
LH:15
BRDA:10,0,0,0
BRDA:10,0,1,1
BRF:2
BRH:1
end_of_record
TN:
SF:C:\Users\KALKEL\Desktop\personal\banka-1\controllers\adminCont.js
FN:6,(anonymous_0)
FN:7,(anonymous_1)
FN:29,(anonymous_2)
FN:30,(anonymous_3)
FN:41,(anonymous_4)
FN:42,(anonymous_5)
FN:52,(anonymous_6)
FN:53,(anonymous_7)
FNF:8
FNH:8
FNDA:3,(anonymous_0)
FNDA:1,(anonymous_1)
FNDA:3,(anonymous_2)
FNDA:1,(anonymous_3)
FNDA:3,(anonymous_4)
FNDA:1,(anonymous_5)
FNDA:3,(anonymous_6)
FNDA:1,(anonymous_7)
DA:1,3
DA:2,3
DA:5,3
DA:7,3
DA:8,1
DA:9,1
DA:10,1
DA:12,1
DA:13,1
DA:14,1
DA:15,1
DA:16,1
DA:18,1
DA:20,1
DA:24,0
DA:30,3
DA:31,1
DA:32,1
DA:33,1
DA:34,1
DA:36,1
DA:37,0
DA:42,3
DA:43,1
DA:44,1
DA:45,1
DA:47,1
DA:48,0
DA:53,3
DA:54,1
DA:55,1
DA:56,1
DA:58,1
DA:59,0
LF:34
LH:30
BRDA:10,0,0,0
BRDA:10,0,1,1
BRDA:45,1,0,0
BRDA:45,1,1,1
BRDA:56,2,0,0
BRDA:56,2,1,1
BRF:6
BRH:3
end_of_record
TN:
SF:C:\Users\KALKEL\Desktop\personal\banka-1\controllers\staffCont.js
FN:7,(anonymous_0)
FN:8,(anonymous_1)
FN:29,(anonymous_2)
FN:30,(anonymous_3)
FN:41,(anonymous_4)
FN:42,(anonymous_5)
FN:52,(anonymous_6)
FN:53,(anonymous_7)
FN:63,(anonymous_8)
FN:64,(anonymous_9)
FN:74,(anonymous_10)
FN:75,(anonymous_11)
FN:85,(anonymous_12)
FN:86,(anonymous_13)
FN:107,(anonymous_14)
FN:108,(anonymous_15)
FN:128,(anonymous_16)
FN:129,(anonymous_17)
FNF:18
FNH:16
FNDA:3,(anonymous_0)
FNDA:1,(anonymous_1)
FNDA:3,(anonymous_2)
FNDA:1,(anonymous_3)
FNDA:3,(anonymous_4)
FNDA:0,(anonymous_5)
FNDA:3,(anonymous_6)
FNDA:0,(anonymous_7)
FNDA:3,(anonymous_8)
FNDA:1,(anonymous_9)
FNDA:3,(anonymous_10)
FNDA:1,(anonymous_11)
FNDA:3,(anonymous_12)
FNDA:1,(anonymous_13)
FNDA:3,(anonymous_14)
FNDA:1,(anonymous_15)
FNDA:3,(anonymous_16)
FNDA:1,(anonymous_17)
DA:1,3
DA:2,3
DA:3,3
DA:4,3
DA:6,3
DA:8,3
DA:9,1
DA:10,1
DA:11,1
DA:13,1
DA:14,1
DA:15,1
DA:16,1
DA:19,1
DA:21,1
DA:25,0
DA:30,3
DA:31,1
DA:32,1
DA:33,1
DA:34,1
DA:36,1
DA:37,0
DA:42,3
DA:43,0
DA:44,0
DA:45,0
DA:47,0
DA:48,0
DA:53,3
DA:54,0
DA:55,0
DA:56,0
DA:58,0
DA:59,0
DA:64,3
DA:65,1
DA:66,1
DA:67,1
DA:69,1
DA:70,0
DA:75,3
DA:76,1
DA:77,1
DA:78,1
DA:80,1
DA:81,0
DA:86,3
DA:88,1
DA:89,1
DA:91,1
DA:92,1
DA:95,1
DA:96,1
DA:97,1
DA:99,1
DA:108,3
DA:110,1
DA:111,1
DA:113,1
DA:114,1
DA:117,1
DA:118,1
DA:121,1
DA:129,3
DA:130,1
DA:131,1
DA:133,1
DA:134,1
LF:69
LH:55
BRDA:11,0,0,0
BRDA:11,0,1,1
BRDA:45,1,0,0
BRDA:45,1,1,0
BRDA:56,2,0,0
BRDA:56,2,1,0
BRDA:67,3,0,0
BRDA:67,3,1,1
BRDA:78,4,0,0
BRDA:78,4,1,1
BRDA:89,5,0,0
BRDA:89,5,1,1
BRDA:92,6,0,0
BRDA:92,6,1,1
BRDA:111,7,0,0
BRDA:111,7,1,1
BRDA:114,8,0,0
BRDA:114,8,1,1
BRDA:131,9,0,0
BRDA:131,9,1,1
BRF:20
BRH:8
end_of_record
TN:
SF:C:\Users\KALKEL\Desktop\personal\banka-1\controllers\transactionCont.js
FN:8,(anonymous_0)
FN:9,(anonymous_1)
FN:33,(anonymous_2)
FN:34,(anonymous_3)
FN:45,(anonymous_4)
FN:46,(anonymous_5)
FN:63,(anonymous_6)
FN:64,(anonymous_7)
FNF:8
FNH:8
FNDA:3,(anonymous_0)
FNDA:2,(anonymous_1)
FNDA:3,(anonymous_2)
FNDA:1,(anonymous_3)
FNDA:3,(anonymous_4)
FNDA:1,(anonymous_5)
FNDA:3,(anonymous_6)
FNDA:1,(anonymous_7)
DA:1,3
DA:2,3
DA:3,3
DA:4,3
DA:7,3
DA:9,3
DA:10,2
DA:11,2
DA:12,2
DA:14,2
DA:15,0
DA:17,2
DA:18,1
DA:21,1
DA:22,1
DA:24,1
DA:28,1
DA:34,3
DA:35,1
DA:36,1
DA:37,1
DA:39,1
DA:40,0
DA:46,3
DA:47,1
DA:48,1
DA:53,1
DA:54,1
DA:55,1
DA:57,1
DA:59,0
DA:64,3
DA:65,1
DA:67,1
LF:34
LH:31
BRDA:14,0,0,0
BRDA:14,0,1,2
BRDA:17,1,0,1
BRDA:17,1,1,1
BRDA:37,2,0,0
BRDA:37,2,1,1
BRDA:55,3,0,0
BRDA:55,3,1,1
BRF:8
BRH:5
end_of_record
TN:
SF:C:\Users\KALKEL\Desktop\personal\banka-1\controllers\userCont.js
FN:5,(anonymous_0)
FN:6,(anonymous_1)
FN:25,(anonymous_2)
FN:26,(anonymous_3)
FNF:4
FNH:4
FNDA:3,(anonymous_0)
FNDA:2,(anonymous_1)
FNDA:3,(anonymous_2)
FNDA:2,(anonymous_3)
DA:1,3
DA:2,3
DA:4,3
DA:6,3
DA:7,2
DA:8,2
DA:9,2
DA:11,1
DA:12,1
DA:14,1
DA:16,1
DA:20,0
DA:26,3
DA:27,2
DA:28,2
DA:29,1
DA:31,1
DA:33,1
DA:37,1
LF:19
LH:18
BRDA:9,0,0,1
BRDA:9,0,1,1
BRF:2
BRH:2
end_of_record
TN:
SF:C:\Users\KALKEL\Desktop\personal\banka-1\middlewares\admin.js
FN:2,(anonymous_0)
FNF:1
FNH:1
FNDA:4,(anonymous_0)
DA:2,3
DA:3,4
DA:4,0
DA:6,4
LF:4
LH:3
BRDA:3,0,0,0
BRDA:3,0,1,4
BRF:2
BRH:1
end_of_record
TN:
SF:C:\Users\KALKEL\Desktop\personal\banka-1\middlewares\auth.js
FN:5,(anonymous_0)
FNF:1
FNH:1
FNDA:13,(anonymous_0)
DA:1,3
DA:2,3
DA:3,3
DA:5,3
DA:6,13
DA:7,13
DA:8,13
DA:9,12
DA:10,12
DA:12,12
DA:13,12
DA:14,1
LF:12
LH:12
BRDA:10,0,0,0
BRDA:10,0,1,12
BRF:2
BRH:1
end_of_record
TN:
SF:C:\Users\KALKEL\Desktop\personal\banka-1\middlewares\authAcc.js
FN:5,(anonymous_0)
FNF:1
FNH:1
FNDA:10,(anonymous_0)
DA:1,3
DA:2,3
DA:3,3
DA:5,3
DA:6,10
DA:7,10
DA:8,10
DA:9,9
DA:10,9
DA:12,9
DA:13,9
DA:14,1
LF:12
LH:12
BRDA:10,0,0,0
BRDA:10,0,1,9
BRF:2
BRH:1
end_of_record
TN:
SF:C:\Users\KALKEL\Desktop\personal\banka-1\middlewares\authT.js
FN:5,(anonymous_0)
FNF:1
FNH:1
FNDA:3,(anonymous_0)
DA:1,3
DA:2,3
DA:3,3
DA:5,3
DA:6,3
DA:7,3
DA:8,3
DA:9,3
DA:10,3
DA:12,3
DA:13,3
DA:14,0
LF:12
LH:11
BRDA:10,0,0,0
BRDA:10,0,1,3
BRF:2
BRH:1
end_of_record
TN:
SF:C:\Users\KALKEL\Desktop\personal\banka-1\middlewares\error.js
FN:3,(anonymous_0)
FNF:1
FNH:0
FNDA:0,(anonymous_0)
DA:1,3
DA:3,3
DA:4,0
DA:5,0
LF:4
LH:2
BRF:0
BRH:0
end_of_record
TN:
SF:C:\Users\KALKEL\Desktop\personal\banka-1\middlewares\staff.js
FN:2,(anonymous_0)
FNF:1
FNH:1
FNDA:6,(anonymous_0)
DA:2,3
DA:3,6
DA:4,0
DA:6,6
LF:4
LH:3
BRDA:3,0,0,0
BRDA:3,0,1,6
BRF:2
BRH:1
end_of_record
TN:
SF:C:\Users\KALKEL\Desktop\personal\banka-1\model\Account.js
FN:42,(anonymous_0)
FN:52,(anonymous_1)
FN:61,(anonymous_2)
FN:71,(anonymous_3)
FNF:4
FNH:4
FNDA:1,(anonymous_0)
FNDA:1,(anonymous_1)
FNDA:1,(anonymous_2)
FNDA:2,(anonymous_3)
DA:1,3
DA:2,3
DA:3,3
DA:4,3
DA:5,3
DA:6,3
DA:8,3
DA:42,3
DA:44,1
DA:45,1
DA:46,1
DA:48,1
DA:52,3
DA:53,1
DA:54,1
DA:56,1
DA:61,3
DA:63,1
DA:64,1
DA:66,1
DA:71,3
DA:72,2
DA:74,2
DA:79,2
DA:81,2
DA:82,2
DA:84,1
DA:90,3
LF:28
LH:28
BRDA:82,0,0,1
BRDA:82,0,1,1
BRF:2
BRH:2
end_of_record
TN:
SF:C:\Users\KALKEL\Desktop\personal\banka-1\model\Transaction.js
FN:33,(anonymous_0)
FN:42,(anonymous_1)
FNF:2
FNH:2
FNDA:1,(anonymous_0)
FNDA:2,(anonymous_1)
DA:1,3
DA:2,3
DA:3,3
DA:4,3
DA:7,3
DA:33,3
DA:35,1
DA:36,1
DA:38,1
DA:42,3
DA:43,2
DA:45,2
DA:52,2
DA:54,2
DA:55,2
DA:57,2
DA:61,3
LF:17
LH:17
BRDA:55,0,0,0
BRDA:55,0,1,2
BRF:2
BRH:1
end_of_record
TN:
SF:C:\Users\KALKEL\Desktop\personal\banka-1\model\User.js
FN:47,(anonymous_0)
FN:55,(anonymous_1)
FN:64,(anonymous_2)
FN:72,(anonymous_3)
FN:83,(anonymous_4)
FNF:5
FNH:4
FNDA:3,(anonymous_0)
FNDA:5,(anonymous_1)
FNDA:0,(anonymous_2)
FNDA:4,(anonymous_3)
FNDA:5,(anonymous_4)
DA:1,3
DA:2,3
DA:3,3
DA:4,3
DA:5,3
DA:6,3
DA:7,3
DA:9,3
DA:47,3
DA:48,3
DA:49,3
DA:50,3
DA:52,3
DA:55,3
DA:57,5
DA:58,5
DA:60,5
DA:64,3
DA:65,0
DA:66,0
DA:68,0
DA:72,3
DA:73,4
DA:74,4
DA:76,3
DA:77,3
DA:79,3
DA:83,3
DA:84,5
DA:86,5
DA:97,5
DA:99,5
DA:100,5
DA:102,4
DA:106,3
LF:35
LH:32
BRDA:74,0,0,1
BRDA:74,0,1,3
BRDA:77,1,0,0
BRDA:77,1,1,3
BRDA:100,2,0,1
BRDA:100,2,1,4
BRF:6
BRH:5
end_of_record
TN:
SF:C:\Users\KALKEL\Desktop\personal\banka-1\routes\transactionRt.js
FNF:0
FNH:0
DA:1,3
DA:2,3
DA:3,3
DA:4,3
DA:5,3
DA:6,3
DA:8,3
DA:15,3
DA:20,3
DA:26,3
DA:34,3
LF:11
LH:11
BRF:0
BRH:0
end_of_record
TN:
SF:C:\Users\KALKEL\Desktop\personal\banka-1\routes\users\clientRt.js
FNF:0
FNH:0
DA:1,3
DA:2,3
DA:3,3
DA:4,3
DA:5,3
DA:6,3
DA:7,3
DA:9,3
DA:15,3
DA:20,3
DA:32,3
LF:11
LH:11
BRF:0
BRH:0
end_of_record
TN:
SF:C:\Users\KALKEL\Desktop\personal\banka-1\routes\users\staffRt.js
FNF:0
FNH:0
DA:1,3
DA:2,3
DA:3,3
DA:4,3
DA:5,3
DA:6,3
DA:7,3
DA:8,3
DA:9,3
DA:10,3
DA:16,3
DA:22,3
DA:29,3
DA:35,3
DA:45,3
DA:52,3
DA:59,3
DA:68,3
DA:77,3
DA:84,3
DA:92,3
DA:99,3
DA:106,3
DA:115,3
LF:24
LH:24
BRF:0
BRH:0
end_of_record
TN:
SF:C:\Users\KALKEL\Desktop\personal\banka-1\src\config.js
FN:3,(anonymous_0)
FNF:1
FNH:1
FNDA:3,(anonymous_0)
DA:1,3
DA:3,3
DA:4,3
DA:5,0
DA:7,3
DA:8,0
LF:6
LH:4
BRDA:4,0,0,0
BRDA:4,0,1,3
BRDA:7,1,0,0
BRDA:7,1,1,3
BRF:4
BRH:2
end_of_record
TN:
SF:C:\Users\KALKEL\Desktop\personal\banka-1\src\db.js
FN:11,(anonymous_0)
FNF:1
FNH:1
FNDA:3,(anonymous_0)
DA:1,3
DA:2,3
DA:3,3
DA:5,3
DA:7,3
DA:11,3
DA:13,3
LF:7
LH:7
BRF:0
BRH:0
end_of_record
TN:
SF:C:\Users\KALKEL\Desktop\personal\banka-1\src\logging.js
FN:4,(anonymous_0)
FN:8,(anonymous_1)
FN:11,(anonymous_2)
FNF:3
FNH:1
FNDA:3,(anonymous_0)
FNDA:0,(anonymous_1)
FNDA:0,(anonymous_2)
DA:1,3
DA:2,3
DA:4,3
DA:5,3
DA:8,3
DA:9,0
DA:11,3
DA:12,0
DA:14,3
LF:9
LH:7
BRF:0
BRH:0
end_of_record
TN:
SF:C:\Users\KALKEL\Desktop\personal\banka-1\src\routes.js
FN:9,(anonymous_0)
FNF:1
FNH:1
FNDA:3,(anonymous_0)
DA:1,3
DA:2,3
DA:3,3
DA:4,3
DA:5,3
DA:6,3
DA:9,3
DA:10,3
DA:11,3
DA:12,3
DA:13,3
DA:14,3
DA:15,3
DA:16,3
LF:14
LH:14
BRF:0
BRH:0
end_of_record
